#
# There is insufficient memory for the Java Runtime Environment to continue.
# Native memory allocation (malloc) failed to allocate 1048576 bytes for AllocateHeap
# Possible reasons:
#   The system is out of physical RAM or swap space
#   In 32 bit mode, the process size limit was hit
# Possible solutions:
#   Reduce memory load on the system
#   Increase physical memory or swap space
#   Check if swap backing store is full
#   Use 64 bit Java on a 64 bit OS
#   Decrease Java heap size (-Xmx/-Xms)
#   Decrease number of Java threads
#   Decrease Java thread stack sizes (-Xss)
#   Set larger code cache with -XX:ReservedCodeCacheSize=
# This output file may be truncated or incomplete.
#
#  Out of Memory Error (memory/allocation.inline.hpp:61), pid=15804, tid=0x00000000000009d0
#
# JRE version:  (8.0_112-b06) (build )
# Java VM: OpenJDK 64-Bit Server VM (25.112-b06 mixed mode windows-amd64 compressed oops)
# Failed to write core dump. Minidumps are not enabled by default on client versions of Windows
#

---------------  T H R E A D  ---------------

Current thread (0x0000000003011000):  JavaThread "Unknown thread" [_thread_in_vm, id=2512, stack(0x0000000002f10000,0x0000000003010000)]

Stack: [0x0000000002f10000,0x0000000003010000]
[error occurred during error reporting (printing stack bounds), id 0xc0000005]

Native frames: (J=compiled Java code, j=interpreted, Vv=VM code, C=native code)


---------------  P R O C E S S  ---------------

Java Threads: ( => current thread )

Other Threads:

=>0x0000000003011000 (exited) JavaThread "Unknown thread" [_thread_in_vm, id=2512, stack(0x0000000002f10000,0x0000000003010000)]

VM state:not at safepoint (normal execution)

VM Mutex/Monitor currently owned by a thread: None

Heap:
 PSYoungGen      total 75776K, used 1300K [0x00000000eab00000, 0x00000000eff80000, 0x0000000100000000)
  eden space 65024K, 2% used [0x00000000eab00000,0x00000000eac451f8,0x00000000eea80000)
  from space 10752K, 0% used [0x00000000ef500000,0x00000000ef500000,0x00000000eff80000)
  to   space 10752K, 0% used [0x00000000eea80000,0x00000000eea80000,0x00000000ef500000)
 ParOldGen       total 173568K, used 0K [0x00000000c0000000, 0x00000000ca980000, 0x00000000eab00000)
  object space 173568K, 0% used [0x00000000c0000000,0x00000000c0000000,0x00000000ca980000)
 Metaspace       used 772K, capacity 4480K, committed 4480K, reserved 1056768K
  class space    used 73K, capacity 384K, committed 384K, reserved 1048576K

Card table byte_map: [0x00000000124d0000,0x00000000126e0000] byte_map_base: 0x0000000011ed0000

Marking Bits: (ParMarkBitMap*) 0x00000000742918f0
 Begin Bits: [0x0000000012c40000, 0x0000000013c40000)
 End Bits:   [0x0000000013c40000, 0x0000000014c40000)

Polling page: 0x0000000001120000

CodeCache: size=245760Kb used=328Kb max_used=328Kb free=245431Kb
 bounds [0x0000000003110000, 0x0000000003380000, 0x0000000012110000]
 total_blobs=57 nmethods=0 adapters=38
 compilation: enabled

Compilation events (0 events):
No events

GC Heap History (0 events):
No events

Deoptimization events (0 events):
No events

Internal exceptions (0 events):
No events

Events (10 events):
Event: 0.091 loading class java/lang/Short
Event: 0.092 loading class java/lang/Short done
Event: 0.092 loading class java/lang/Integer
Event: 0.092 loading class java/lang/Integer done
Event: 0.092 loading class java/lang/Long
Event: 0.092 loading class java/lang/Long done
Event: 0.093 loading class java/lang/NullPointerException
Event: 0.093 loading class java/lang/NullPointerException done
Event: 0.093 loading class java/lang/ArithmeticException
Event: 0.093 loading class java/lang/ArithmeticException done


Dynamic libraries:
0x00007ff74d0c0000 - 0x00007ff74d0f1000 	C:\Program Files\Android\Android Studio\jre\bin\java.exe
0x00007ffffc410000 - 0x00007ffffc5eb000 	C:\WINDOWS\SYSTEM32\ntdll.dll
0x00007ffffb0f0000 - 0x00007ffffb19e000 	C:\WINDOWS\System32\KERNEL32.DLL
0x00007ffff9200000 - 0x00007ffff9449000 	C:\WINDOWS\System32\KERNELBASE.dll
0x00007ffffafd0000 - 0x00007ffffb071000 	C:\WINDOWS\System32\ADVAPI32.dll
0x00007ffffb310000 - 0x00007ffffb3ad000 	C:\WINDOWS\System32\msvcrt.dll
0x00007ffffc070000 - 0x00007ffffc0c9000 	C:\WINDOWS\System32\sechost.dll
0x00007ffffc0d0000 - 0x00007ffffc1f5000 	C:\WINDOWS\System32\RPCRT4.dll
0x00007ffffbda0000 - 0x00007ffffbeea000 	C:\WINDOWS\System32\USER32.dll
0x00007ffff97b0000 - 0x00007ffff97ce000 	C:\WINDOWS\System32\win32u.dll
0x00007ffffafa0000 - 0x00007ffffafc7000 	C:\WINDOWS\System32\GDI32.dll
0x00007ffff9620000 - 0x00007ffff97a8000 	C:\WINDOWS\System32\gdi32full.dll
0x00007ffff98d0000 - 0x00007ffff996a000 	C:\WINDOWS\System32\msvcp_win.dll
0x00007ffff97d0000 - 0x00007ffff98c6000 	C:\WINDOWS\System32\ucrtbase.dll
0x00007fffeb6f0000 - 0x00007fffeb957000 	C:\WINDOWS\WinSxS\amd64_microsoft.windows.common-controls_6595b64144ccf1df_6.0.15063.483_none_26002d27e7c744a2\COMCTL32.dll
0x00007ffffb610000 - 0x00007ffffb909000 	C:\WINDOWS\System32\combase.dll
0x00007ffff94a0000 - 0x00007ffff950a000 	C:\WINDOWS\System32\bcryptPrimitives.dll
0x00007ffffb910000 - 0x00007ffffb93d000 	C:\WINDOWS\System32\IMM32.DLL
0x00000000739f0000 - 0x0000000073ac2000 	C:\Program Files\Android\Android Studio\jre\jre\bin\msvcr100.dll
0x0000000073ad0000 - 0x000000007430c000 	C:\Program Files\Android\Android Studio\jre\jre\bin\server\jvm.dll
0x00007ffffc060000 - 0x00007ffffc068000 	C:\WINDOWS\System32\PSAPI.DLL
0x00007ffff6cf0000 - 0x00007ffff6cf9000 	C:\WINDOWS\SYSTEM32\WSOCK32.dll
0x00007ffffc200000 - 0x00007ffffc26c000 	C:\WINDOWS\System32\WS2_32.dll
0x00007ffff6c80000 - 0x00007ffff6ca3000 	C:\WINDOWS\SYSTEM32\WINMM.dll
0x00007ffff3020000 - 0x00007ffff302a000 	C:\WINDOWS\SYSTEM32\VERSION.dll
0x00007ffff6c20000 - 0x00007ffff6c4b000 	C:\WINDOWS\SYSTEM32\WINMMBASE.dll
0x00007ffff9450000 - 0x00007ffff9499000 	C:\WINDOWS\System32\cfgmgr32.dll
0x00007ffff4260000 - 0x00007ffff426f000 	C:\Program Files\Android\Android Studio\jre\jre\bin\verify.dll
0x00007fffeecf0000 - 0x00007fffeed19000 	C:\Program Files\Android\Android Studio\jre\jre\bin\java.dll
0x00007fffef9c0000 - 0x00007fffef9d6000 	C:\Program Files\Android\Android Studio\jre\jre\bin\zip.dll

VM Arguments:
jvm_args: -Djava.awt.headless=true -Xmx1024M -Dfile.encoding=windows-1252 -Duser.country=US -Duser.language=en -Duser.variant 
java_command: com.android.dx.command.Main --dex --force-jumbo --num-threads=4 --multi-dex --output C:\Users\premh\Documents\GitHub\TechBuddy\app\build\intermediates\transforms\dex\debug\folders\1000\10000\instant-run_d96137df8afe98b89d38cc387e192dad29bb3bd1 C:\Users\premh\Documents\GitHub\TechBuddy\app\build\intermediates\incremental-runtime-classes\debug\instant-run.jar
java_class_path (initial): C:\Users\premh\AppData\Local\Android\sdk\build-tools\26.0.1\lib\dx.jar
Launcher Type: SUN_STANDARD

Environment Variables:
JAVA_HOME=C:\Program Files\Java\jdk1.8.0_121\bin
PATH=C:\ProgramData\Oracle\Java\javapath;C:\Windows\system32;C:\Windows;C:\Windows\System32\Wbem;C:\Windows\System32\WindowsPowerShell\v1.0\;C:\Program Files (x86)\NVIDIA Corporation\PhysX\Common;C:\WINDOWS\system32;C:\WINDOWS;C:\WINDOWS\System32\Wbem;C:\WINDOWS\System32\WindowsPowerShell\v1.0\;C:\Program Files (x86)\OpenVPN\bin;C:\Program Files\Git\cmd;C:\Program Files (x86)\Brackets\command;C:\Program Files (x86)\SMLNJ\bin\;C:\Users\premh\Anaconda3;C:\Users\premh\Anaconda3\Scripts;C:\Users\premh\Anaconda3\Library\bin;C:\Users\premh\AppData\Local\Microsoft\WindowsApps;
USERNAME=premh
OS=Windows_NT
PROCESSOR_IDENTIFIER=Intel64 Family 6 Model 142 Stepping 9, GenuineIntel



---------------  S Y S T E M  ---------------

OS: Windows 10.0 , 64 bit Build 15063 (10.0.15063.296)

CPU:total 4 (2 cores per cpu, 2 threads per core) family 6 model 142 stepping 9, cmov, cx8, fxsr, mmx, sse, sse2, sse3, ssse3, sse4.1, sse4.2, popcnt, avx, avx2, aes, clmul, erms, 3dnowpref, lzcnt, ht, tsc, tscinvbit, bmi1, bmi2, adx

Memory: 4k page, physical 16616372k(3437188k free), swap 16616372k(3656k free)

vm_info: OpenJDK 64-Bit Server VM (25.112-b06) for windows-amd64 JRE (1.8.0_112-release-b06), built on Dec  8 2016 00:54:26 by "builder" with MS VC++ 10.0 (VS2010)

time: Fri Sep 15 23:31:32 2017
elapsed time: 0 seconds (0d 0h 0m 0s)

